  Validating sources
  Copying sources remotely to '192.168.40.142'
  Validating architecture
  Starting remote build
  Compiling sources:
  BaseShm.cpp
  ClientOP.cpp
D:\学习\资料\第5阶段-跨平台企业项目实战\第5阶段-跨平台企业项目实战\day12 - 外联接口-项目总结\04-代码\ClientSecKey\ClientSecKey\ClientOP.cpp(28,34): warning : conversion to ‘short unsigned int’ from ‘Json::Value::Int {aka int}’ may alter its value [-Wconversion]
D:\学习\资料\第5阶段-跨平台企业项目实战\第5阶段-跨平台企业项目实战\day12 - 外联接口-项目总结\04-代码\ClientSecKey\ClientSecKey\ClientOP.cpp(28,34): warning :   m_info.port = root["Port"].asInt();
D:\学习\资料\第5阶段-跨平台企业项目实战\第5阶段-跨平台企业项目实战\day12 - 外联接口-项目总结\04-代码\ClientSecKey\ClientSecKey\ClientOP.cpp(28,34): warning :                 ~~~~~~~~~~~~~~~~~~^~
  Codec.cpp
  CodecFactory.cpp
  Hash.cpp
  main.cpp
  Message.pb.cc
  RequestCodec.cpp
  RequestFactory.cpp
  RespondCodec.cpp
  RespondFactory.cpp
  RsaCrypto.cpp
D:\学习\资料\第5阶段-跨平台企业项目实战\第5阶段-跨平台企业项目实战\day12 - 外联接口-项目总结\04-代码\ClientSecKey\ClientSecKey\RsaCrypto.cpp(39,55): warning : conversion to ‘int’ from ‘std::__cxx11::basic_string<char>::size_type {aka long unsigned int}’ may alter its value [-Wconversion]
D:\学习\资料\第5阶段-跨平台企业项目实战\第5阶段-跨平台企业项目实战\day12 - 外联接口-项目总结\04-代码\ClientSecKey\ClientSecKey\RsaCrypto.cpp(39,55): warning :   BIO* bio = BIO_new_mem_buf(keystr.data(), keystr.size());
D:\学习\资料\第5阶段-跨平台企业项目实战\第5阶段-跨平台企业项目实战\day12 - 外联接口-项目总结\04-代码\ClientSecKey\ClientSecKey\RsaCrypto.cpp(39,55): warning :                                             ~~~~~~~~~~~^~
D:\学习\资料\第5阶段-跨平台企业项目实战\第5阶段-跨平台企业项目实战\day12 - 外联接口-项目总结\04-代码\ClientSecKey\ClientSecKey\RsaCrypto.cpp(125,40): warning : conversion to ‘int’ from ‘std::__cxx11::basic_string<char>::size_type {aka long unsigned int}’ may alter its value [-Wconversion]
D:\学习\资料\第5阶段-跨平台企业项目实战\第5阶段-跨平台企业项目实战\day12 - 外联接口-项目总结\04-代码\ClientSecKey\ClientSecKey\RsaCrypto.cpp(125,40): warning :   int ret = RSA_public_encrypt(data.size(), (const unsigned char*)data.data(),
D:\学习\资料\第5阶段-跨平台企业项目实战\第5阶段-跨平台企业项目实战\day12 - 外联接口-项目总结\04-代码\ClientSecKey\ClientSecKey\RsaCrypto.cpp(125,40): warning :                                ~~~~~~~~~^~
D:\学习\资料\第5阶段-跨平台企业项目实战\第5阶段-跨平台企业项目实战\day12 - 外联接口-项目总结\04-代码\ClientSecKey\ClientSecKey\RsaCrypto.cpp(175,72): warning : conversion to ‘unsigned int’ from ‘std::__cxx11::basic_string<char>::size_type {aka long unsigned int}’ may alter its value [-Wconversion]
D:\学习\资料\第5阶段-跨平台企业项目实战\第5阶段-跨平台企业项目实战\day12 - 外联接口-项目总结\04-代码\ClientSecKey\ClientSecKey\RsaCrypto.cpp(175,72): warning :   int ret = RSA_sign(level, (const unsigned char*)data.data(), data.size(), (unsigned char*)signBuf,
D:\学习\资料\第5阶段-跨平台企业项目实战\第5阶段-跨平台企业项目实战\day12 - 外联接口-项目总结\04-代码\ClientSecKey\ClientSecKey\RsaCrypto.cpp(175,72): warning :                                                                ~~~~~~~~~^~
D:\学习\资料\第5阶段-跨平台企业项目实战\第5阶段-跨平台企业项目实战\day12 - 外联接口-项目总结\04-代码\ClientSecKey\ClientSecKey\RsaCrypto.cpp(192,74): warning : conversion to ‘unsigned int’ from ‘std::__cxx11::basic_string<char>::size_type {aka long unsigned int}’ may alter its value [-Wconversion]
D:\学习\资料\第5阶段-跨平台企业项目实战\第5阶段-跨平台企业项目实战\day12 - 外联接口-项目总结\04-代码\ClientSecKey\ClientSecKey\RsaCrypto.cpp(192,74): warning :   int ret = RSA_verify(level, (const unsigned char*)data.data(), data.size(),
D:\学习\资料\第5阶段-跨平台企业项目实战\第5阶段-跨平台企业项目实战\day12 - 外联接口-项目总结\04-代码\ClientSecKey\ClientSecKey\RsaCrypto.cpp(192,74): warning :                                                                  ~~~~~~~~~^~
D:\学习\资料\第5阶段-跨平台企业项目实战\第5阶段-跨平台企业项目实战\day12 - 外联接口-项目总结\04-代码\ClientSecKey\ClientSecKey\RsaCrypto.cpp(224,23): warning : conversion to ‘int’ from ‘std::__cxx11::basic_string<char>::size_type {aka long unsigned int}’ may alter its value [-Wconversion]
D:\学习\资料\第5阶段-跨平台企业项目实战\第5阶段-跨平台企业项目实战\day12 - 外联接口-项目总结\04-代码\ClientSecKey\ClientSecKey\RsaCrypto.cpp(224,23): warning :   int length = str.size();
D:\学习\资料\第5阶段-跨平台企业项目实战\第5阶段-跨平台企业项目实战\day12 - 外联接口-项目总结\04-代码\ClientSecKey\ClientSecKey\RsaCrypto.cpp(224,23): warning :                ~~~~~~~~^~
  SecKeyShm.cpp
D:\学习\资料\第5阶段-跨平台企业项目实战\第5阶段-跨平台企业项目实战\day12 - 外联接口-项目总结\04-代码\ClientSecKey\ClientSecKey\SecKeyShm.cpp(7,25): warning : conversion to ‘int’ from ‘long unsigned int’ may alter its value [-Wconversion]
D:\学习\资料\第5阶段-跨平台企业项目实战\第5阶段-跨平台企业项目实战\day12 - 外联接口-项目总结\04-代码\ClientSecKey\ClientSecKey\SecKeyShm.cpp(13,30): warning : conversion to ‘int’ from ‘long unsigned int’ may alter its value [-Wconversion]
D:\学习\资料\第5阶段-跨平台企业项目实战\第5阶段-跨平台企业项目实战\day12 - 外联接口-项目总结\04-代码\ClientSecKey\ClientSecKey\SecKeyShm.cpp(86,6): warning : unused variable ‘ret’ [-Wunused-variable]
D:\学习\资料\第5阶段-跨平台企业项目实战\第5阶段-跨平台企业项目实战\day12 - 外联接口-项目总结\04-代码\ClientSecKey\ClientSecKey\SecKeyShm.cpp(86,6): warning :   int ret = 0;
D:\学习\资料\第5阶段-跨平台企业项目实战\第5阶段-跨平台企业项目实战\day12 - 外联接口-项目总结\04-代码\ClientSecKey\ClientSecKey\SecKeyShm.cpp(86,6): warning :       ^~~
  TcpSocket.cpp
D:\学习\资料\第5阶段-跨平台企业项目实战\第5阶段-跨平台企业项目实战\day12 - 外联接口-项目总结\04-代码\ClientSecKey\ClientSecKey\TcpSocket.cpp(75,33): warning : conversion to ‘int’ from ‘std::__cxx11::basic_string<char>::size_type {aka long unsigned int}’ may alter its value [-Wconversion]
D:\学习\资料\第5阶段-跨平台企业项目实战\第5阶段-跨平台企业项目实战\day12 - 外联接口-项目总结\04-代码\ClientSecKey\ClientSecKey\TcpSocket.cpp(75,33): warning :    int dataLen = sendData.size() + 4;
D:\学习\资料\第5阶段-跨平台企业项目实战\第5阶段-跨平台企业项目实战\day12 - 外联接口-项目总结\04-代码\ClientSecKey\ClientSecKey\TcpSocket.cpp(75,33): warning :                  ~~~~~~~~~~~~~~~~^~~
D:\学习\资料\第5阶段-跨平台企业项目实战\第5阶段-跨平台企业项目实战\day12 - 外联接口-项目总结\04-代码\ClientSecKey\ClientSecKey\TcpSocket.cpp(85,35): warning : conversion to ‘uint32_t {aka unsigned int}’ from ‘std::__cxx11::basic_string<char>::size_type {aka long unsigned int}’ may alter its value [-Wconversion]
D:\学习\资料\第5阶段-跨平台企业项目实战\第5阶段-跨平台企业项目实战\day12 - 外联接口-项目总结\04-代码\ClientSecKey\ClientSecKey\TcpSocket.cpp(85,35): warning :    int netlen = htonl(sendData.size());
D:\学习\资料\第5阶段-跨平台企业项目实战\第5阶段-跨平台企业项目实战\day12 - 外联接口-项目总结\04-代码\ClientSecKey\ClientSecKey\TcpSocket.cpp(85,35): warning :                       ~~~~~~~~~~~~~^~
D:\学习\资料\第5阶段-跨平台企业项目实战\第5阶段-跨平台企业项目实战\day12 - 外联接口-项目总结\04-代码\ClientSecKey\ClientSecKey\TcpSocket.cpp(407,17): warning : conversion to ‘int’ from ‘size_t {aka long unsigned int}’ may alter its value [-Wconversion]
D:\学习\资料\第5阶段-跨平台企业项目实战\第5阶段-跨平台企业项目实战\day12 - 外联接口-项目总结\04-代码\ClientSecKey\ClientSecKey\TcpSocket.cpp(407,17): warning :     return count - nleft;
D:\学习\资料\第5阶段-跨平台企业项目实战\第5阶段-跨平台企业项目实战\day12 - 外联接口-项目总结\04-代码\ClientSecKey\ClientSecKey\TcpSocket.cpp(407,17): warning :            ~~~~~~^~~~~~~
  Linking objects
  ClientSecKey.vcxproj -> D:\学习\资料\第5阶段-跨平台企业项目实战\第5阶段-跨平台企业项目实战\day12 - 外联接口-项目总结\04-代码\ClientSecKey\ClientSecKey\bin\x64\Debug\ClientSecKey.out
